#
# There is insufficient memory for the Java Runtime Environment to continue.
# Native memory allocation (malloc) failed to allocate 517696 bytes for Chunk::new
# Possible reasons:
#   The system is out of physical RAM or swap space
#   The process is running with CompressedOops enabled, and the Java Heap may be blocking the growth of the native heap
# Possible solutions:
#   Reduce memory load on the system
#   Increase physical memory or swap space
#   Check if swap backing store is full
#   Decrease Java heap size (-Xmx/-Xms)
#   Decrease number of Java threads
#   Decrease Java thread stack sizes (-Xss)
#   Set larger code cache with -XX:ReservedCodeCacheSize=
#   JVM is running with Unscaled Compressed Oops mode in which the Java heap is
#     placed in the first 4GB address space. The Java Heap base address is the
#     maximum limit for the native heap growth. Please use -XX:HeapBaseMinAddress
#     to set the Java Heap base and to place the Java Heap above 4GB virtual address.
# This output file may be truncated or incomplete.
#
#  Out of Memory Error (arena.cpp:191), pid=75212, tid=85704
#
# JRE version: OpenJDK Runtime Environment Temurin-17.0.9+9 (17.0.9+9) (build 17.0.9+9)
# Java VM: OpenJDK 64-Bit Server VM Temurin-17.0.9+9 (17.0.9+9, mixed mode, tiered, compressed oops, compressed class ptrs, parallel gc, windows-amd64)
# No core dump will be written. Minidumps are not enabled by default on client versions of Windows
#

---------------  S U M M A R Y ------------

Command Line: --add-modules=ALL-SYSTEM --add-opens=java.base/java.util=ALL-UNNAMED --add-opens=java.base/java.lang=ALL-UNNAMED --add-opens=java.base/sun.nio.fs=ALL-UNNAMED -Declipse.application=org.eclipse.jdt.ls.core.id1 -Dosgi.bundles.defaultStartLevel=4 -Declipse.product=org.eclipse.jdt.ls.core.product -Djava.import.generatesMetadataFilesAtProjectRoot=false -DDetectVMInstallationsJob.disabled=true -Dfile.encoding=utf8 -XX:+UseParallelGC -XX:GCTimeRatio=4 -XX:AdaptiveSizePolicyWeight=90 -Dsun.zip.disableMemoryMapping=true -Xmx1G -Xms100m -Xlog:disable -javaagent:c:\Users\minhh\.vscode\extensions\redhat.java-1.25.0-win32-x64\lombok\lombok-1.18.30.jar c:\Users\minhh\.vscode\extensions\redhat.java-1.25.0-win32-x64\server\plugins\org.eclipse.equinox.launcher_1.6.600.v20231012-1237.jar -configuration c:\Users\minhh\AppData\Roaming\Code\User\globalStorage\redhat.java\1.25.0\config_ss_win -data c:\Users\minhh\AppData\Roaming\Code\User\workspaceStorage\8e4be7ec2a8017864e8421125c300a73\redhat.java\ss_ws --stdio

Host: Intel(R) Core(TM) i3-1005G1 CPU @ 1.20GHz, 4 cores, 3G,  Windows 11 , 64 bit Build 22621 (10.0.22621.2215)
Time: Sat Dec  2 22:13:00 2023 SE Asia Standard Time elapsed time: 7.683052 seconds (0d 0h 0m 7s)

---------------  T H R E A D  ---------------

Current thread (0x000001cd36b01d40):  JavaThread "C2 CompilerThread0" daemon [_thread_in_native, id=85704, stack(0x000000956b400000,0x000000956b500000)]


Current CompileTask:
C2:   7683 2346       4       org.lombokweb.asm.ClassReader::readMethod (1066 bytes)

Stack: [0x000000956b400000,0x000000956b500000]
Native frames: (J=compiled Java code, j=interpreted, Vv=VM code, C=native code)
V  [jvm.dll+0x67cf49]
V  [jvm.dll+0x83478a]
V  [jvm.dll+0x83624e]
V  [jvm.dll+0x8368b3]
V  [jvm.dll+0x247f1f]
V  [jvm.dll+0xac43c]
V  [jvm.dll+0xaca8c]
V  [jvm.dll+0x2af45f]
V  [jvm.dll+0x5853f7]
V  [jvm.dll+0x222f62]
V  [jvm.dll+0x21c002]
V  [jvm.dll+0x2198c1]
V  [jvm.dll+0x1a57cd]
V  [jvm.dll+0x2297ae]
V  [jvm.dll+0x22797c]
V  [jvm.dll+0x7e9877]
V  [jvm.dll+0x7e3c3a]
V  [jvm.dll+0x67be35]
C  [ucrtbase.dll+0x29363]
C  [KERNEL32.DLL+0x1257d]
C  [ntdll.dll+0x5aa68]


---------------  P R O C E S S  ---------------

Threads class SMR info:
_java_thread_list=0x000001cd3c8a62d0, length=20, elements={
0x000001cd22c995d0, 0x000001cd36ada030, 0x000001cd36adba80, 0x000001cd36afe860,
0x000001cd36aff420, 0x000001cd36afffe0, 0x000001cd36b00ba0, 0x000001cd36b01d40,
0x000001cd3bd00aa0, 0x000001cd3bd20b40, 0x000001cd22cfd7c0, 0x000001cd3c0d8030,
0x000001cd3c5e4340, 0x000001cd3c4a8fd0, 0x000001cd3c54cfe0, 0x000001cd3c4ce340,
0x000001cd3c5ddf30, 0x000001cd3c803b20, 0x000001cd3cade9a0, 0x000001cd3cae0800
}

Java Threads: ( => current thread )
  0x000001cd22c995d0 JavaThread "main" [_thread_blocked, id=83340, stack(0x000000956ab00000,0x000000956ac00000)]
  0x000001cd36ada030 JavaThread "Reference Handler" daemon [_thread_blocked, id=85136, stack(0x000000956ae00000,0x000000956af00000)]
  0x000001cd36adba80 JavaThread "Finalizer" daemon [_thread_blocked, id=87880, stack(0x000000956af00000,0x000000956b000000)]
  0x000001cd36afe860 JavaThread "Signal Dispatcher" daemon [_thread_blocked, id=67888, stack(0x000000956b000000,0x000000956b100000)]
  0x000001cd36aff420 JavaThread "Attach Listener" daemon [_thread_blocked, id=75472, stack(0x000000956b100000,0x000000956b200000)]
  0x000001cd36afffe0 JavaThread "Service Thread" daemon [_thread_blocked, id=31312, stack(0x000000956b200000,0x000000956b300000)]
  0x000001cd36b00ba0 JavaThread "Monitor Deflation Thread" daemon [_thread_blocked, id=73812, stack(0x000000956b300000,0x000000956b400000)]
=>0x000001cd36b01d40 JavaThread "C2 CompilerThread0" daemon [_thread_in_native, id=85704, stack(0x000000956b400000,0x000000956b500000)]
  0x000001cd3bd00aa0 JavaThread "C1 CompilerThread0" daemon [_thread_blocked, id=85380, stack(0x000000956b500000,0x000000956b600000)]
  0x000001cd3bd20b40 JavaThread "Sweeper thread" daemon [_thread_blocked, id=85756, stack(0x000000956b600000,0x000000956b700000)]
  0x000001cd22cfd7c0 JavaThread "Common-Cleaner" daemon [_thread_blocked, id=79740, stack(0x000000956b700000,0x000000956b800000)]
  0x000001cd3c0d8030 JavaThread "Notification Thread" daemon [_thread_blocked, id=80252, stack(0x000000956b800000,0x000000956b900000)]
  0x000001cd3c5e4340 JavaThread "Active Thread: Equinox Container: 0ff3ce7d-9a86-4106-b800-ec50a4ea231c" [_thread_blocked, id=81668, stack(0x000000956bd00000,0x000000956be00000)]
  0x000001cd3c4a8fd0 JavaThread "Framework Event Dispatcher: Equinox Container: 0ff3ce7d-9a86-4106-b800-ec50a4ea231c" daemon [_thread_blocked, id=26600, stack(0x000000956be00000,0x000000956bf00000)]
  0x000001cd3c54cfe0 JavaThread "Start Level: Equinox Container: 0ff3ce7d-9a86-4106-b800-ec50a4ea231c" daemon [_thread_in_vm, id=15072, stack(0x000000956bf00000,0x000000956c000000)]
  0x000001cd3c4ce340 JavaThread "SCR Component Actor" daemon [_thread_blocked, id=77932, stack(0x000000956c000000,0x000000956c100000)]
  0x000001cd3c5ddf30 JavaThread "SCR Component Registry" daemon [_thread_blocked, id=79464, stack(0x000000956c100000,0x000000956c200000)]
  0x000001cd3c803b20 JavaThread "Worker-JM" [_thread_blocked, id=85008, stack(0x000000956c200000,0x000000956c300000)]
  0x000001cd3cade9a0 JavaThread "Worker-0" [_thread_blocked, id=82700, stack(0x000000956c300000,0x000000956c400000)]
  0x000001cd3cae0800 JavaThread "Worker-1" [_thread_blocked, id=86356, stack(0x000000956c400000,0x000000956c500000)]

Other Threads:
  0x000001cd22d2eb20 VMThread "VM Thread" [stack: 0x000000956ad00000,0x000000956ae00000] [id=87860]
  0x000001cd3bfa86f0 WatcherThread [stack: 0x000000956b900000,0x000000956ba00000] [id=87128]
  0x000001cd22caeb40 GCTaskThread "GC Thread#0" [stack: 0x000000956ac00000,0x000000956ad00000] [id=87536]
  0x000001cd3c256b60 GCTaskThread "GC Thread#1" [stack: 0x000000956ba00000,0x000000956bb00000] [id=86376]
  0x000001cd3c256e20 GCTaskThread "GC Thread#2" [stack: 0x000000956bb00000,0x000000956bc00000] [id=83284]
  0x000001cd3c2570e0 GCTaskThread "GC Thread#3" [stack: 0x000000956bc00000,0x000000956bd00000] [id=85004]

Threads with active compile tasks:
C2 CompilerThread0     7743 2346       4       org.lombokweb.asm.ClassReader::readMethod (1066 bytes)

VM state: not at safepoint (normal execution)

VM Mutex/Monitor currently owned by a thread:  ([mutex/lock_event])
[0x000001cd22c93640] Metaspace_lock - owner thread: 0x000001cd3c54cfe0

Heap address: 0x00000000c0000000, size: 1024 MB, Compressed Oops mode: 32-bit

CDS archive(s) not mapped
Compressed class space mapped at: 0x0000000100000000-0x0000000140000000, reserved size: 1073741824
Narrow klass base: 0x0000000000000000, Narrow klass shift: 3, Narrow klass range: 0x140000000

GC Precious Log:
 CPUs: 4 total, 4 available
 Memory: 3838M
 Large Page Support: Disabled
 NUMA Support: Disabled
 Compressed Oops: Enabled (32-bit)
 Alignments: Space 512K, Generation 512K, Heap 2M
 Heap Min Capacity: 100M
 Heap Initial Capacity: 100M
 Heap Max Capacity: 1G
 Pre-touch: Disabled
 Parallel Workers: 4

Heap:
 PSYoungGen      total 26112K, used 23044K [0x00000000eab00000, 0x00000000ec880000, 0x0000000100000000)
  eden space 25088K, 89% used [0x00000000eab00000,0x00000000ec0de480,0x00000000ec380000)
  from space 1024K, 63% used [0x00000000ec400000,0x00000000ec4a2de0,0x00000000ec500000)
  to   space 2560K, 0% used [0x00000000ec600000,0x00000000ec600000,0x00000000ec880000)
 ParOldGen       total 68608K, used 6797K [0x00000000c0000000, 0x00000000c4300000, 0x00000000eab00000)
  object space 68608K, 9% used [0x00000000c0000000,0x00000000c06a3780,0x00000000c4300000)
 Metaspace       used 26625K, committed 27072K, reserved 1114112K
  class space    used 2559K, committed 2752K, reserved 1048576K

Card table byte_map: [0x000001cd22610000,0x000001cd22820000] _byte_map_base: 0x000001cd22010000

Marking Bits: (ParMarkBitMap*) 0x00007ffcc6fad0b0
 Begin Bits: [0x000001cd34910000, 0x000001cd35910000)
 End Bits:   [0x000001cd35910000, 0x000001cd36910000)

Polling page: 0x000001cd20c00000

Metaspace:

Usage:
  Non-class:     23.50 MB used.
      Class:      2.50 MB used.
       Both:     26.00 MB used.

Virtual space:
  Non-class space:       64.00 MB reserved,      23.75 MB ( 37%) committed,  1 nodes.
      Class space:        1.00 GB reserved,       2.69 MB ( <1%) committed,  1 nodes.
             Both:        1.06 GB reserved,      26.44 MB (  2%) committed. 

Chunk freelists:
   Non-Class:  8.22 MB
       Class:  13.30 MB
        Both:  21.52 MB

MaxMetaspaceSize: unlimited
CompressedClassSpaceSize: 1.00 GB
Initial GC threshold: 21.00 MB
Current GC threshold: 35.00 MB
CDS: off
MetaspaceReclaimPolicy: balanced
 - commit_granule_bytes: 65536.
 - commit_granule_words: 8192.
 - virtual_space_node_default_size: 8388608.
 - enlarge_chunks_in_place: 1.
 - new_chunks_are_fully_committed: 0.
 - uncommit_free_chunks: 1.
 - use_allocation_guard: 0.
 - handle_deallocations: 1.


Internal statistics:

num_allocs_failed_limit: 3.
num_arena_births: 274.
num_arena_deaths: 14.
num_vsnodes_births: 2.
num_vsnodes_deaths: 0.
num_space_committed: 423.
num_space_uncommitted: 0.
num_chunks_returned_to_freelist: 17.
num_chunks_taken_from_freelist: 1000.
num_chunk_merges: 4.
num_chunk_splits: 662.
num_chunks_enlarged: 464.
num_inconsistent_stats: 0.

CodeHeap 'non-profiled nmethods': size=120000Kb used=887Kb max_used=887Kb free=119112Kb
 bounds [0x000001cd2d3e0000, 0x000001cd2d650000, 0x000001cd34910000]
CodeHeap 'profiled nmethods': size=120000Kb used=4837Kb max_used=4837Kb free=115162Kb
 bounds [0x000001cd25910000, 0x000001cd25dd0000, 0x000001cd2ce40000]
CodeHeap 'non-nmethods': size=5760Kb used=1236Kb max_used=1248Kb free=4524Kb
 bounds [0x000001cd2ce40000, 0x000001cd2d0b0000, 0x000001cd2d3e0000]
 total_blobs=2917 nmethods=2382 adapters=449
 compilation: enabled
              stopped_count=0, restarted_count=0
 full_count=0

Compilation events (20 events):
Event: 7.612 Thread 0x000001cd3bd00aa0 2347 %     3       org.lombokweb.asm.ClassReader::<init> @ 110 (371 bytes)
Event: 7.613 Thread 0x000001cd3bd00aa0 nmethod 2347% 0x000001cd25da4190 code [0x000001cd25da4480, 0x000001cd25da57d8]
Event: 7.613 Thread 0x000001cd3bd00aa0 2348       3       org.lombokweb.asm.ClassReader::<init> (371 bytes)
Event: 7.613 Thread 0x000001cd36b01d40 nmethod 2343 0x000001cd2d4bd210 code [0x000001cd2d4bd3a0, 0x000001cd2d4bd7f8]
Event: 7.613 Thread 0x000001cd36b01d40 2346       4       org.lombokweb.asm.ClassReader::readMethod (1066 bytes)
Event: 7.614 Thread 0x000001cd3bd00aa0 nmethod 2348 0x000001cd25da5d90 code [0x000001cd25da6060, 0x000001cd25da7218]
Event: 7.615 Thread 0x000001cd3bd00aa0 2349       3       org.lombokweb.asm.SymbolTable::hash (14 bytes)
Event: 7.615 Thread 0x000001cd3bd00aa0 nmethod 2349 0x000001cd25da7790 code [0x000001cd25da7920, 0x000001cd25da7a18]
Event: 7.615 Thread 0x000001cd3bd00aa0 2350 %     3       org.lombokweb.asm.SymbolTable::<init> @ 98 (536 bytes)
Event: 7.618 Thread 0x000001cd3bd00aa0 nmethod 2350% 0x000001cd25da7a90 code [0x000001cd25da8040, 0x000001cd25daac48]
Event: 7.618 Thread 0x000001cd3bd00aa0 2351       3       org.lombokweb.asm.Type::hashCode (68 bytes)
Event: 7.619 Thread 0x000001cd3bd00aa0 nmethod 2351 0x000001cd25dabe10 code [0x000001cd25dac020, 0x000001cd25dac758]
Event: 7.661 Thread 0x000001cd3bd00aa0 2354       3       org.lombokweb.asm.SymbolTable::<init> (536 bytes)
Event: 7.664 Thread 0x000001cd3bd00aa0 nmethod 2354 0x000001cd25daca90 code [0x000001cd25dad020, 0x000001cd25dafa28]
Event: 7.671 Thread 0x000001cd3bd00aa0 2355       3       org.lombokweb.asm.MethodVisitor::visitJumpInsn (17 bytes)
Event: 7.671 Thread 0x000001cd3bd00aa0 nmethod 2355 0x000001cd25db0b90 code [0x000001cd25db0d40, 0x000001cd25db0f48]
Event: 7.671 Thread 0x000001cd3bd00aa0 2356       3       org.lombokweb.asm.MethodWriter::visitFrame (811 bytes)
Event: 7.673 Thread 0x000001cd3bd00aa0 nmethod 2356 0x000001cd25db1010 code [0x000001cd25db1500, 0x000001cd25db3738]
Event: 7.673 Thread 0x000001cd3bd00aa0 2357       3       java.lang.String::subSequence (7 bytes)
Event: 7.674 Thread 0x000001cd3bd00aa0 nmethod 2357 0x000001cd25db4690 code [0x000001cd25db4820, 0x000001cd25db4968]

GC Heap History (12 events):
Event: 2.114 GC heap before
{Heap before GC invocations=1 (full 0):
 PSYoungGen      total 29696K, used 25600K [0x00000000eab00000, 0x00000000ecc00000, 0x0000000100000000)
  eden space 25600K, 100% used [0x00000000eab00000,0x00000000ec400000,0x00000000ec400000)
  from space 4096K, 0% used [0x00000000ec800000,0x00000000ec800000,0x00000000ecc00000)
  to   space 4096K, 0% used [0x00000000ec400000,0x00000000ec400000,0x00000000ec800000)
 ParOldGen       total 68608K, used 0K [0x00000000c0000000, 0x00000000c4300000, 0x00000000eab00000)
  object space 68608K, 0% used [0x00000000c0000000,0x00000000c0000000,0x00000000c4300000)
 Metaspace       used 11070K, committed 11328K, reserved 1114112K
  class space    used 1102K, committed 1216K, reserved 1048576K
}
Event: 2.124 GC heap after
{Heap after GC invocations=1 (full 0):
 PSYoungGen      total 29696K, used 3171K [0x00000000eab00000, 0x00000000ecc00000, 0x0000000100000000)
  eden space 25600K, 0% used [0x00000000eab00000,0x00000000eab00000,0x00000000ec400000)
  from space 4096K, 77% used [0x00000000ec400000,0x00000000ec718c28,0x00000000ec800000)
  to   space 4096K, 0% used [0x00000000ec800000,0x00000000ec800000,0x00000000ecc00000)
 ParOldGen       total 68608K, used 16K [0x00000000c0000000, 0x00000000c4300000, 0x00000000eab00000)
  object space 68608K, 0% used [0x00000000c0000000,0x00000000c0004000,0x00000000c4300000)
 Metaspace       used 11070K, committed 11328K, reserved 1114112K
  class space    used 1102K, committed 1216K, reserved 1048576K
}
Event: 3.141 GC heap before
{Heap before GC invocations=2 (full 0):
 PSYoungGen      total 29696K, used 28771K [0x00000000eab00000, 0x00000000ecc00000, 0x0000000100000000)
  eden space 25600K, 100% used [0x00000000eab00000,0x00000000ec400000,0x00000000ec400000)
  from space 4096K, 77% used [0x00000000ec400000,0x00000000ec718c28,0x00000000ec800000)
  to   space 4096K, 0% used [0x00000000ec800000,0x00000000ec800000,0x00000000ecc00000)
 ParOldGen       total 68608K, used 16K [0x00000000c0000000, 0x00000000c4300000, 0x00000000eab00000)
  object space 68608K, 0% used [0x00000000c0000000,0x00000000c0004000,0x00000000c4300000)
 Metaspace       used 15213K, committed 15488K, reserved 1114112K
  class space    used 1543K, committed 1664K, reserved 1048576K
}
Event: 3.147 GC heap after
{Heap after GC invocations=2 (full 0):
 PSYoungGen      total 29696K, used 4089K [0x00000000eab00000, 0x00000000ecc00000, 0x0000000100000000)
  eden space 25600K, 0% used [0x00000000eab00000,0x00000000eab00000,0x00000000ec400000)
  from space 4096K, 99% used [0x00000000ec800000,0x00000000ecbfe468,0x00000000ecc00000)
  to   space 4096K, 0% used [0x00000000ec400000,0x00000000ec400000,0x00000000ec800000)
 ParOldGen       total 68608K, used 712K [0x00000000c0000000, 0x00000000c4300000, 0x00000000eab00000)
  object space 68608K, 1% used [0x00000000c0000000,0x00000000c00b2040,0x00000000c4300000)
 Metaspace       used 15213K, committed 15488K, reserved 1114112K
  class space    used 1543K, committed 1664K, reserved 1048576K
}
Event: 6.295 GC heap before
{Heap before GC invocations=3 (full 0):
 PSYoungGen      total 29696K, used 29689K [0x00000000eab00000, 0x00000000ecc00000, 0x0000000100000000)
  eden space 25600K, 100% used [0x00000000eab00000,0x00000000ec400000,0x00000000ec400000)
  from space 4096K, 99% used [0x00000000ec800000,0x00000000ecbfe468,0x00000000ecc00000)
  to   space 4096K, 0% used [0x00000000ec400000,0x00000000ec400000,0x00000000ec800000)
 ParOldGen       total 68608K, used 712K [0x00000000c0000000, 0x00000000c4300000, 0x00000000eab00000)
  object space 68608K, 1% used [0x00000000c0000000,0x00000000c00b2040,0x00000000c4300000)
 Metaspace       used 20218K, committed 20608K, reserved 1114112K
  class space    used 2068K, committed 2240K, reserved 1048576K
}
Event: 6.301 GC heap after
{Heap after GC invocations=3 (full 0):
 PSYoungGen      total 29696K, used 4081K [0x00000000eab00000, 0x00000000ecc00000, 0x0000000100000000)
  eden space 25600K, 0% used [0x00000000eab00000,0x00000000eab00000,0x00000000ec400000)
  from space 4096K, 99% used [0x00000000ec400000,0x00000000ec7fc438,0x00000000ec800000)
  to   space 4096K, 0% used [0x00000000ec800000,0x00000000ec800000,0x00000000ecc00000)
 ParOldGen       total 68608K, used 2691K [0x00000000c0000000, 0x00000000c4300000, 0x00000000eab00000)
  object space 68608K, 3% used [0x00000000c0000000,0x00000000c02a0ea8,0x00000000c4300000)
 Metaspace       used 20218K, committed 20608K, reserved 1114112K
  class space    used 2068K, committed 2240K, reserved 1048576K
}
Event: 6.847 GC heap before
{Heap before GC invocations=4 (full 0):
 PSYoungGen      total 29696K, used 9210K [0x00000000eab00000, 0x00000000ecc00000, 0x0000000100000000)
  eden space 25600K, 20% used [0x00000000eab00000,0x00000000eb002780,0x00000000ec400000)
  from space 4096K, 99% used [0x00000000ec400000,0x00000000ec7fc438,0x00000000ec800000)
  to   space 4096K, 0% used [0x00000000ec800000,0x00000000ec800000,0x00000000ecc00000)
 ParOldGen       total 68608K, used 2691K [0x00000000c0000000, 0x00000000c4300000, 0x00000000eab00000)
  object space 68608K, 3% used [0x00000000c0000000,0x00000000c02a0ea8,0x00000000c4300000)
 Metaspace       used 21032K, committed 21504K, reserved 1114112K
  class space    used 2154K, committed 2368K, reserved 1048576K
}
Event: 6.852 GC heap after
{Heap after GC invocations=4 (full 0):
 PSYoungGen      total 29696K, used 4094K [0x00000000eab00000, 0x00000000ecc00000, 0x0000000100000000)
  eden space 25600K, 0% used [0x00000000eab00000,0x00000000eab00000,0x00000000ec400000)
  from space 4096K, 99% used [0x00000000ec800000,0x00000000ecbff820,0x00000000ecc00000)
  to   space 4096K, 0% used [0x00000000ec400000,0x00000000ec400000,0x00000000ec800000)
 ParOldGen       total 68608K, used 2857K [0x00000000c0000000, 0x00000000c4300000, 0x00000000eab00000)
  object space 68608K, 4% used [0x00000000c0000000,0x00000000c02ca6b8,0x00000000c4300000)
 Metaspace       used 21032K, committed 21504K, reserved 1114112K
  class space    used 2154K, committed 2368K, reserved 1048576K
}
Event: 6.852 GC heap before
{Heap before GC invocations=5 (full 1):
 PSYoungGen      total 29696K, used 4094K [0x00000000eab00000, 0x00000000ecc00000, 0x0000000100000000)
  eden space 25600K, 0% used [0x00000000eab00000,0x00000000eab00000,0x00000000ec400000)
  from space 4096K, 99% used [0x00000000ec800000,0x00000000ecbff820,0x00000000ecc00000)
  to   space 4096K, 0% used [0x00000000ec400000,0x00000000ec400000,0x00000000ec800000)
 ParOldGen       total 68608K, used 2857K [0x00000000c0000000, 0x00000000c4300000, 0x00000000eab00000)
  object space 68608K, 4% used [0x00000000c0000000,0x00000000c02ca6b8,0x00000000c4300000)
 Metaspace       used 21032K, committed 21504K, reserved 1114112K
  class space    used 2154K, committed 2368K, reserved 1048576K
}
Event: 6.878 GC heap after
{Heap after GC invocations=5 (full 1):
 PSYoungGen      total 29696K, used 0K [0x00000000eab00000, 0x00000000ecc00000, 0x0000000100000000)
  eden space 25600K, 0% used [0x00000000eab00000,0x00000000eab00000,0x00000000ec400000)
  from space 4096K, 0% used [0x00000000ec800000,0x00000000ec800000,0x00000000ecc00000)
  to   space 4096K, 0% used [0x00000000ec400000,0x00000000ec400000,0x00000000ec800000)
 ParOldGen       total 68608K, used 6789K [0x00000000c0000000, 0x00000000c4300000, 0x00000000eab00000)
  object space 68608K, 9% used [0x00000000c0000000,0x00000000c06a1780,0x00000000c4300000)
 Metaspace       used 21019K, committed 21504K, reserved 1114112K
  class space    used 2151K, committed 2368K, reserved 1048576K
}
Event: 7.483 GC heap before
{Heap before GC invocations=6 (full 1):
 PSYoungGen      total 29696K, used 25600K [0x00000000eab00000, 0x00000000ecc00000, 0x0000000100000000)
  eden space 25600K, 100% used [0x00000000eab00000,0x00000000ec400000,0x00000000ec400000)
  from space 4096K, 0% used [0x00000000ec800000,0x00000000ec800000,0x00000000ecc00000)
  to   space 4096K, 0% used [0x00000000ec400000,0x00000000ec400000,0x00000000ec800000)
 ParOldGen       total 68608K, used 6789K [0x00000000c0000000, 0x00000000c4300000, 0x00000000eab00000)
  object space 68608K, 9% used [0x00000000c0000000,0x00000000c06a1780,0x00000000c4300000)
 Metaspace       used 24387K, committed 24832K, reserved 1114112K
  class space    used 2383K, committed 2560K, reserved 1048576K
}
Event: 7.485 GC heap after
{Heap after GC invocations=6 (full 1):
 PSYoungGen      total 26112K, used 651K [0x00000000eab00000, 0x00000000ec880000, 0x0000000100000000)
  eden space 25088K, 0% used [0x00000000eab00000,0x00000000eab00000,0x00000000ec380000)
  from space 1024K, 63% used [0x00000000ec400000,0x00000000ec4a2de0,0x00000000ec500000)
  to   space 2560K, 0% used [0x00000000ec600000,0x00000000ec600000,0x00000000ec880000)
 ParOldGen       total 68608K, used 6797K [0x00000000c0000000, 0x00000000c4300000, 0x00000000eab00000)
  object space 68608K, 9% used [0x00000000c0000000,0x00000000c06a3780,0x00000000c4300000)
 Metaspace       used 24387K, committed 24832K, reserved 1114112K
  class space    used 2383K, committed 2560K, reserved 1048576K
}

Dll operation events (9 events):
Event: 0.073 Loaded shared library c:\Users\minhh\.vscode\extensions\redhat.java-1.25.0-win32-x64\jre\17.0.9-win32-x86_64\bin\java.dll
Event: 0.466 Loaded shared library c:\Users\minhh\.vscode\extensions\redhat.java-1.25.0-win32-x64\jre\17.0.9-win32-x86_64\bin\zip.dll
Event: 0.479 Loaded shared library C:\Users\minhh\.vscode\extensions\redhat.java-1.25.0-win32-x64\jre\17.0.9-win32-x86_64\bin\instrument.dll
Event: 0.560 Loaded shared library C:\Users\minhh\.vscode\extensions\redhat.java-1.25.0-win32-x64\jre\17.0.9-win32-x86_64\bin\net.dll
Event: 0.565 Loaded shared library C:\Users\minhh\.vscode\extensions\redhat.java-1.25.0-win32-x64\jre\17.0.9-win32-x86_64\bin\nio.dll
Event: 0.580 Loaded shared library C:\Users\minhh\.vscode\extensions\redhat.java-1.25.0-win32-x64\jre\17.0.9-win32-x86_64\bin\zip.dll
Event: 0.650 Loaded shared library C:\Users\minhh\.vscode\extensions\redhat.java-1.25.0-win32-x64\jre\17.0.9-win32-x86_64\bin\jimage.dll
Event: 0.807 Loaded shared library c:\Users\minhh\.vscode\extensions\redhat.java-1.25.0-win32-x64\jre\17.0.9-win32-x86_64\bin\verify.dll
Event: 2.849 Loaded shared library C:\Users\minhh\AppData\Roaming\Code\User\globalStorage\redhat.java\1.25.0\config_ss_win\org.eclipse.equinox.launcher\org.eclipse.equinox.launcher.win32.win32.x86_64_1.2.800.v20231003-1442\eclipse_11802.dll

Deoptimization events (20 events):
Event: 6.213 Thread 0x000001cd3c54cfe0 Uncommon trap: trap_request=0xffffffde fr.pc=0x000001cd2d49208c relative=0x000000000000034c
Event: 6.213 Thread 0x000001cd3c54cfe0 Uncommon trap: reason=class_check action=maybe_recompile pc=0x000001cd2d49208c method=java.io.DataInputStream.readUnsignedShort()I @ 6 c2
Event: 6.213 Thread 0x000001cd3c54cfe0 DEOPT PACKING pc=0x000001cd2d49208c sp=0x000000956bff8e50
Event: 6.213 Thread 0x000001cd3c54cfe0 DEOPT UNPACKING pc=0x000001cd2ce99ea3 sp=0x000000956bff8e08 mode 2
Event: 6.213 Thread 0x000001cd3c54cfe0 Uncommon trap: trap_request=0xffffffde fr.pc=0x000001cd2d49208c relative=0x000000000000034c
Event: 6.213 Thread 0x000001cd3c54cfe0 Uncommon trap: reason=class_check action=maybe_recompile pc=0x000001cd2d49208c method=java.io.DataInputStream.readUnsignedShort()I @ 6 c2
Event: 6.213 Thread 0x000001cd3c54cfe0 DEOPT PACKING pc=0x000001cd2d49208c sp=0x000000956bff8e50
Event: 6.213 Thread 0x000001cd3c54cfe0 DEOPT UNPACKING pc=0x000001cd2ce99ea3 sp=0x000000956bff8e08 mode 2
Event: 6.213 Thread 0x000001cd3c54cfe0 Uncommon trap: trap_request=0xffffffde fr.pc=0x000001cd2d49208c relative=0x000000000000034c
Event: 6.213 Thread 0x000001cd3c54cfe0 Uncommon trap: reason=class_check action=maybe_recompile pc=0x000001cd2d49208c method=java.io.DataInputStream.readUnsignedShort()I @ 6 c2
Event: 6.213 Thread 0x000001cd3c54cfe0 DEOPT PACKING pc=0x000001cd2d49208c sp=0x000000956bff8e50
Event: 6.213 Thread 0x000001cd3c54cfe0 DEOPT UNPACKING pc=0x000001cd2ce99ea3 sp=0x000000956bff8e08 mode 2
Event: 6.345 Thread 0x000001cd3c54cfe0 Uncommon trap: trap_request=0xffffff45 fr.pc=0x000001cd2d46f4c0 relative=0x0000000000000040
Event: 6.345 Thread 0x000001cd3c54cfe0 Uncommon trap: reason=unstable_if action=reinterpret pc=0x000001cd2d46f4c0 method=sun.nio.fs.WindowsPathParser.isSlash(C)Z @ 9 c2
Event: 6.345 Thread 0x000001cd3c54cfe0 DEOPT PACKING pc=0x000001cd2d46f4c0 sp=0x000000956bff9270
Event: 6.345 Thread 0x000001cd3c54cfe0 DEOPT UNPACKING pc=0x000001cd2ce99ea3 sp=0x000000956bff91f8 mode 2
Event: 6.426 Thread 0x000001cd3c54cfe0 Uncommon trap: trap_request=0xffffff45 fr.pc=0x000001cd2d4a5c94 relative=0x00000000000006b4
Event: 6.426 Thread 0x000001cd3c54cfe0 Uncommon trap: reason=unstable_if action=reinterpret pc=0x000001cd2d4a5c94 method=java.io.BufferedInputStream.read([BII)I @ 56 c2
Event: 6.426 Thread 0x000001cd3c54cfe0 DEOPT PACKING pc=0x000001cd2d4a5c94 sp=0x000000956bff9190
Event: 6.426 Thread 0x000001cd3c54cfe0 DEOPT UNPACKING pc=0x000001cd2ce99ea3 sp=0x000000956bff9168 mode 2

Classes unloaded (7 events):
Event: 6.857 Thread 0x000001cd22d2eb20 Unloading class 0x000000010021e000 'java/lang/invoke/LambdaForm$MH+0x000000010021e000'
Event: 6.857 Thread 0x000001cd22d2eb20 Unloading class 0x000000010021dc00 'java/lang/invoke/LambdaForm$MH+0x000000010021dc00'
Event: 6.857 Thread 0x000001cd22d2eb20 Unloading class 0x000000010021d800 'java/lang/invoke/LambdaForm$MH+0x000000010021d800'
Event: 6.857 Thread 0x000001cd22d2eb20 Unloading class 0x000000010021d400 'java/lang/invoke/LambdaForm$MH+0x000000010021d400'
Event: 6.857 Thread 0x000001cd22d2eb20 Unloading class 0x000000010021d000 'java/lang/invoke/LambdaForm$BMH+0x000000010021d000'
Event: 6.857 Thread 0x000001cd22d2eb20 Unloading class 0x000000010021cc00 'java/lang/invoke/LambdaForm$DMH+0x000000010021cc00'
Event: 6.857 Thread 0x000001cd22d2eb20 Unloading class 0x000000010021a000 'java/lang/invoke/LambdaForm$DMH+0x000000010021a000'

Classes redefined (0 events):
No events

Internal exceptions (20 events):
Event: 5.040 Thread 0x000001cd3c54cfe0 Exception <a 'java/lang/NoSuchMethodError'{0x00000000ebdb7718}: 'int java.lang.invoke.DirectMethodHandle$Holder.invokeSpecial(java.lang.Object, java.lang.Object, java.lang.Object)'> (0x00000000ebdb7718) 
thrown [s\src\hotspot\share\interpreter\linkResolver.cpp, line 759]
Event: 5.122 Thread 0x000001cd3c54cfe0 Exception <a 'java/lang/NoSuchMethodError'{0x00000000ebdc7e58}: 'int java.lang.invoke.DirectMethodHandle$Holder.invokeStatic(java.lang.Object, java.lang.Object, int)'> (0x00000000ebdc7e58) 
thrown [s\src\hotspot\share\interpreter\linkResolver.cpp, line 759]
Event: 5.125 Thread 0x000001cd3c54cfe0 Exception <a 'java/lang/NoSuchMethodError'{0x00000000ebdcbe80}: 'int java.lang.invoke.DirectMethodHandle$Holder.invokeSpecial(java.lang.Object, java.lang.Object, java.lang.Object, int)'> (0x00000000ebdcbe80) 
thrown [s\src\hotspot\share\interpreter\linkResolver.cpp, line 759]
Event: 5.403 Thread 0x000001cd3c54cfe0 Exception <a 'java/lang/NoSuchMethodError'{0x00000000ebde68f8}: 'java.lang.Object java.lang.invoke.DirectMethodHandle$Holder.invokeStatic(java.lang.Object, java.lang.Object, java.lang.Object, java.lang.Object, int)'> (0x00000000ebde68f8) 
thrown [s\src\hotspot\share\interpreter\linkResolver.cpp, line 759]
Event: 5.405 Thread 0x000001cd3c54cfe0 Exception <a 'java/lang/NoSuchMethodError'{0x00000000ebdf2ad8}: 'java.lang.Object java.lang.invoke.DelegatingMethodHandle$Holder.reinvoke_L(java.lang.Object, java.lang.Object, java.lang.Object, java.lang.Object, int, int)'> (0x00000000ebdf2ad8) 
thrown [s\src\hotspot\share\interpreter\linkResolver.cpp, line 759]
Event: 5.407 Thread 0x000001cd3c54cfe0 Exception <a 'java/lang/NoSuchMethodError'{0x00000000ebe073d0}: 'java.lang.Object java.lang.invoke.Invokers$Holder.invokeExact_MT(java.lang.Object, java.lang.Object, java.lang.Object, java.lang.Object)'> (0x00000000ebe073d0) 
thrown [s\src\hotspot\share\interpreter\linkResolver.cpp, line 759]
Event: 5.941 Thread 0x000001cd3c54cfe0 Exception <a 'java/io/FileNotFoundException'{0x00000000ec065338}> (0x00000000ec065338) 
thrown [s\src\hotspot\share\prims\jni.cpp, line 516]
Event: 6.222 Thread 0x000001cd3c54cfe0 Exception <a 'java/lang/NoSuchMethodError'{0x00000000ec31dbc0}: 'java.lang.Object java.lang.invoke.DirectMethodHandle$Holder.newInvokeSpecial(java.lang.Object, java.lang.Object, java.lang.Object, java.lang.Object, java.lang.Object)'> (0x00000000ec31dbc0) 
thrown [s\src\hotspot\share\interpreter\linkResolver.cpp, line 759]
Event: 6.732 Thread 0x000001cd3c54cfe0 Exception <a 'java/lang/NoSuchMethodError'{0x00000000eadc5020}: 'java.lang.Object java.lang.invoke.DirectMethodHandle$Holder.invokeSpecial(java.lang.Object, java.lang.Object, java.lang.Object, long, java.lang.Object)'> (0x00000000eadc5020) 
thrown [s\src\hotspot\share\interpreter\linkResolver.cpp, line 759]
Event: 6.736 Thread 0x000001cd3c54cfe0 Exception <a 'java/lang/NoSuchMethodError'{0x00000000eadcd150}: 'java.lang.Object java.lang.invoke.DirectMethodHandle$Holder.newInvokeSpecial(java.lang.Object, java.lang.Object, java.lang.Object, long)'> (0x00000000eadcd150) 
thrown [s\src\hotspot\share\interpreter\linkResolver.cpp, line 759]
Event: 6.736 Thread 0x000001cd3c54cfe0 Exception <a 'java/lang/NoSuchMethodError'{0x00000000eadd1660}: 'java.lang.Object java.lang.invoke.DirectMethodHandle$Holder.invokeSpecial(java.lang.Object, java.lang.Object, java.lang.Object, java.lang.Object, long)'> (0x00000000eadd1660) 
thrown [s\src\hotspot\share\interpreter\linkResolver.cpp, line 759]
Event: 6.737 Thread 0x000001cd3c54cfe0 Exception <a 'java/lang/NoSuchMethodError'{0x00000000eadd54d8}: 'java.lang.Object java.lang.invoke.Invokers$Holder.linkToTargetMethod(java.lang.Object, java.lang.Object, long, java.lang.Object)'> (0x00000000eadd54d8) 
thrown [s\src\hotspot\share\interpreter\linkResolver.cpp, line 759]
Event: 6.751 Thread 0x000001cd3c54cfe0 Exception <a 'java/lang/NoSuchMethodError'{0x00000000eae31bf0}: 'int java.lang.invoke.DirectMethodHandle$Holder.invokeStaticInit(java.lang.Object, java.lang.Object, java.lang.Object)'> (0x00000000eae31bf0) 
thrown [s\src\hotspot\share\interpreter\linkResolver.cpp, line 759]
Event: 6.762 Thread 0x000001cd3c54cfe0 Exception <a 'java/lang/IncompatibleClassChangeError'{0x00000000eae9a008}: Found class java.lang.Object, but interface was expected> (0x00000000eae9a008) 
thrown [s\src\hotspot\share\interpreter\linkResolver.cpp, line 826]
Event: 6.766 Thread 0x000001cd3c54cfe0 Exception <a 'java/lang/NoSuchMethodError'{0x00000000eaeac238}: 'java.lang.Object java.lang.invoke.DirectMethodHandle$Holder.invokeSpecial(java.lang.Object, java.lang.Object, java.lang.Object, int, java.lang.Object, java.lang.Object)'> (0x00000000eaeac238) 
thrown [s\src\hotspot\share\interpreter\linkResolver.cpp, line 759]
Event: 6.768 Thread 0x000001cd3c54cfe0 Exception <a 'java/lang/NoSuchMethodError'{0x00000000eaeb4930}: 'java.lang.Object java.lang.invoke.DirectMethodHandle$Holder.newInvokeSpecial(java.lang.Object, java.lang.Object, java.lang.Object, int, java.lang.Object)'> (0x00000000eaeb4930) 
thrown [s\src\hotspot\share\interpreter\linkResolver.cpp, line 759]
Event: 6.768 Thread 0x000001cd3c54cfe0 Exception <a 'java/lang/NoSuchMethodError'{0x00000000eaeb8d88}: 'java.lang.Object java.lang.invoke.DirectMethodHandle$Holder.invokeSpecial(java.lang.Object, java.lang.Object, java.lang.Object, java.lang.Object, int, java.lang.Object)'> (0x00000000eaeb8d88) 
thrown [s\src\hotspot\share\interpreter\linkResolver.cpp, line 759]
Event: 6.775 Thread 0x000001cd3cade9a0 Exception <a 'java/lang/NoSuchMethodError'{0x00000000eaee31f0}: 'java.lang.Object java.lang.invoke.DirectMethodHandle$Holder.invokeSpecial(java.lang.Object, java.lang.Object, int, java.lang.Object, java.lang.Object)'> (0x00000000eaee31f0) 
thrown [s\src\hotspot\share\interpreter\linkResolver.cpp, line 759]
Event: 6.779 Thread 0x000001cd3cade9a0 Exception <a 'java/lang/NoSuchMethodError'{0x00000000eaeea838}: 'java.lang.Object java.lang.invoke.DirectMethodHandle$Holder.newInvokeSpecial(java.lang.Object, java.lang.Object, int, java.lang.Object)'> (0x00000000eaeea838) 
thrown [s\src\hotspot\share\interpreter\linkResolver.cpp, line 759]
Event: 6.780 Thread 0x000001cd3cade9a0 Exception <a 'java/lang/NoSuchMethodError'{0x00000000eaeee348}: 'java.lang.Object java.lang.invoke.DirectMethodHandle$Holder.invokeSpecial(java.lang.Object, java.lang.Object, java.lang.Object, int, java.lang.Object)'> (0x00000000eaeee348) 
thrown [s\src\hotspot\share\interpreter\linkResolver.cpp, line 759]

VM Operations (20 events):
Event: 3.013 Executing VM operation: HandshakeAllThreads
Event: 3.013 Executing VM operation: HandshakeAllThreads done
Event: 3.140 Executing VM operation: ParallelGCFailedAllocation
Event: 3.147 Executing VM operation: ParallelGCFailedAllocation done
Event: 4.158 Executing VM operation: Cleanup
Event: 4.158 Executing VM operation: Cleanup done
Event: 4.208 Executing VM operation: HandshakeAllThreads
Event: 4.208 Executing VM operation: HandshakeAllThreads done
Event: 5.028 Executing VM operation: HandshakeAllThreads
Event: 5.028 Executing VM operation: HandshakeAllThreads done
Event: 6.029 Executing VM operation: Cleanup
Event: 6.029 Executing VM operation: Cleanup done
Event: 6.295 Executing VM operation: ParallelGCFailedAllocation
Event: 6.301 Executing VM operation: ParallelGCFailedAllocation done
Event: 6.844 Executing VM operation: HandshakeAllThreads
Event: 6.844 Executing VM operation: HandshakeAllThreads done
Event: 6.847 Executing VM operation: CollectForMetadataAllocation
Event: 6.878 Executing VM operation: CollectForMetadataAllocation done
Event: 7.483 Executing VM operation: ParallelGCFailedAllocation
Event: 7.485 Executing VM operation: ParallelGCFailedAllocation done

Events (20 events):
Event: 6.963 loading class java/util/zip/GZIPOutputStream
Event: 6.964 loading class java/util/zip/GZIPOutputStream done
Event: 7.011 loading class java/io/StringReader
Event: 7.011 loading class java/io/StringReader done
Event: 7.017 loading class java/util/zip/GZIPInputStream
Event: 7.017 loading class java/util/zip/GZIPInputStream done
Event: 7.021 loading class java/net/SocketTimeoutException
Event: 7.021 loading class java/io/InterruptedIOException
Event: 7.021 loading class java/io/InterruptedIOException done
Event: 7.021 loading class java/net/SocketTimeoutException done
Event: 7.021 loading class java/net/SocketException
Event: 7.021 loading class java/net/SocketException done
Event: 7.021 loading class java/net/UnknownHostException
Event: 7.022 loading class java/net/UnknownHostException done
Event: 7.022 loading class java/net/ProtocolException
Event: 7.022 loading class java/net/ProtocolException done
Event: 7.070 loading class java/io/FileWriter
Event: 7.070 loading class java/io/FileWriter done
Event: 7.070 loading class java/lang/NegativeArraySizeException
Event: 7.071 loading class java/lang/NegativeArraySizeException done


Dynamic libraries:
0x00007ff756630000 - 0x00007ff75663e000 	c:\Users\minhh\.vscode\extensions\redhat.java-1.25.0-win32-x64\jre\17.0.9-win32-x86_64\bin\java.exe
0x00007ffd24330000 - 0x00007ffd24544000 	C:\WINDOWS\SYSTEM32\ntdll.dll
0x00007ffd23370000 - 0x00007ffd23434000 	C:\WINDOWS\System32\KERNEL32.DLL
0x00007ffd216e0000 - 0x00007ffd21a84000 	C:\WINDOWS\System32\KERNELBASE.dll
0x00007ffd21ee0000 - 0x00007ffd21ff1000 	C:\WINDOWS\System32\ucrtbase.dll
0x00007ffd0f1d0000 - 0x00007ffd0f1e7000 	c:\Users\minhh\.vscode\extensions\redhat.java-1.25.0-win32-x64\jre\17.0.9-win32-x86_64\bin\jli.dll
0x00007ffd23cd0000 - 0x00007ffd23e7e000 	C:\WINDOWS\System32\USER32.dll
0x00007ffd21d90000 - 0x00007ffd21db6000 	C:\WINDOWS\System32\win32u.dll
0x00007ffd220c0000 - 0x00007ffd220e9000 	C:\WINDOWS\System32\GDI32.dll
0x00007ffd21dc0000 - 0x00007ffd21ed8000 	C:\WINDOWS\System32\gdi32full.dll
0x00007ffd21cf0000 - 0x00007ffd21d8a000 	C:\WINDOWS\System32\msvcp_win.dll
0x00007ffcfd480000 - 0x00007ffcfd49b000 	c:\Users\minhh\.vscode\extensions\redhat.java-1.25.0-win32-x64\jre\17.0.9-win32-x86_64\bin\VCRUNTIME140.dll
0x00007ffd02fa0000 - 0x00007ffd03233000 	C:\WINDOWS\WinSxS\amd64_microsoft.windows.common-controls_6595b64144ccf1df_6.0.22621.2215_none_270d72677387dfc3\COMCTL32.dll
0x00007ffd22110000 - 0x00007ffd221b7000 	C:\WINDOWS\System32\msvcrt.dll
0x00007ffd23730000 - 0x00007ffd23761000 	C:\WINDOWS\System32\IMM32.DLL
0x0000000063f60000 - 0x0000000063f6c000 	C:\Program Files (x86)\360\Total Security\safemon\SafeWrapper.dll
0x00007ffd22f50000 - 0x00007ffd23000000 	C:\WINDOWS\System32\ADVAPI32.dll
0x00007ffd22bc0000 - 0x00007ffd22c66000 	C:\WINDOWS\System32\sechost.dll
0x00007ffd23100000 - 0x00007ffd23217000 	C:\WINDOWS\System32\RPCRT4.dll
0x00007ffcf79e0000 - 0x00007ffcf7a72000 	C:\Program Files (x86)\360\Total Security\safemon\libzdtp64.dll
0x00007ffd221c0000 - 0x00007ffd229e3000 	C:\WINDOWS\System32\SHELL32.dll
0x00007ffd24290000 - 0x00007ffd242ee000 	C:\WINDOWS\System32\SHLWAPI.dll
0x00007ffd1a7e0000 - 0x00007ffd1a7ea000 	C:\WINDOWS\SYSTEM32\VERSION.dll
0x00007ffd1e640000 - 0x00007ffd1e64c000 	c:\Users\minhh\.vscode\extensions\redhat.java-1.25.0-win32-x64\jre\17.0.9-win32-x86_64\bin\vcruntime140_1.dll
0x00007ffcf0720000 - 0x00007ffcf07ad000 	c:\Users\minhh\.vscode\extensions\redhat.java-1.25.0-win32-x64\jre\17.0.9-win32-x86_64\bin\msvcp140.dll
0x00007ffcc6410000 - 0x00007ffcc7071000 	c:\Users\minhh\.vscode\extensions\redhat.java-1.25.0-win32-x64\jre\17.0.9-win32-x86_64\bin\server\jvm.dll
0x00007ffd215b0000 - 0x00007ffd215fd000 	C:\WINDOWS\SYSTEM32\POWRPROF.dll
0x00007ffd198c0000 - 0x00007ffd198f4000 	C:\WINDOWS\SYSTEM32\WINMM.dll
0x00007ffd1e610000 - 0x00007ffd1e619000 	C:\WINDOWS\SYSTEM32\WSOCK32.dll
0x00007ffd22e70000 - 0x00007ffd22ee1000 	C:\WINDOWS\System32\WS2_32.dll
0x00007ffd21590000 - 0x00007ffd215a3000 	C:\WINDOWS\SYSTEM32\UMPDC.dll
0x00007ffd206e0000 - 0x00007ffd206f8000 	C:\WINDOWS\SYSTEM32\kernel.appcore.dll
0x00007ffd1c5e0000 - 0x00007ffd1c5ea000 	c:\Users\minhh\.vscode\extensions\redhat.java-1.25.0-win32-x64\jre\17.0.9-win32-x86_64\bin\jimage.dll
0x00007ffd1f0b0000 - 0x00007ffd1f2de000 	C:\WINDOWS\SYSTEM32\DBGHELP.DLL
0x00007ffd23f00000 - 0x00007ffd2428a000 	C:\WINDOWS\System32\combase.dll
0x00007ffd23bf0000 - 0x00007ffd23cc7000 	C:\WINDOWS\System32\OLEAUT32.dll
0x00007ffd03780000 - 0x00007ffd037b2000 	C:\WINDOWS\SYSTEM32\dbgcore.DLL
0x00007ffd21a90000 - 0x00007ffd21b0a000 	C:\WINDOWS\System32\bcryptPrimitives.dll
0x00007ffd1aa20000 - 0x00007ffd1aa2e000 	c:\Users\minhh\.vscode\extensions\redhat.java-1.25.0-win32-x64\jre\17.0.9-win32-x86_64\bin\instrument.dll
0x00007ffcf0fa0000 - 0x00007ffcf0fc5000 	c:\Users\minhh\.vscode\extensions\redhat.java-1.25.0-win32-x64\jre\17.0.9-win32-x86_64\bin\java.dll
0x00007ffcfb390000 - 0x00007ffcfb3a8000 	c:\Users\minhh\.vscode\extensions\redhat.java-1.25.0-win32-x64\jre\17.0.9-win32-x86_64\bin\zip.dll
0x00007ffd1f670000 - 0x00007ffd1ff5a000 	C:\WINDOWS\SYSTEM32\windows.storage.dll
0x00007ffd1f530000 - 0x00007ffd1f66e000 	C:\WINDOWS\SYSTEM32\wintypes.dll
0x00007ffd23000000 - 0x00007ffd230f3000 	C:\WINDOWS\System32\SHCORE.dll
0x00007ffd21610000 - 0x00007ffd21636000 	C:\WINDOWS\SYSTEM32\profapi.dll
0x00007ffcf3110000 - 0x00007ffcf3129000 	C:\Users\minhh\.vscode\extensions\redhat.java-1.25.0-win32-x64\jre\17.0.9-win32-x86_64\bin\net.dll
0x00007ffd19150000 - 0x00007ffd19287000 	C:\WINDOWS\SYSTEM32\WINHTTP.dll
0x00007ffd20bb0000 - 0x00007ffd20c19000 	C:\WINDOWS\system32\mswsock.dll
0x00007ffcf1e60000 - 0x00007ffcf1e76000 	C:\Users\minhh\.vscode\extensions\redhat.java-1.25.0-win32-x64\jre\17.0.9-win32-x86_64\bin\nio.dll
0x00007ffd1a310000 - 0x00007ffd1a320000 	c:\Users\minhh\.vscode\extensions\redhat.java-1.25.0-win32-x64\jre\17.0.9-win32-x86_64\bin\verify.dll
0x00007ffcf0d70000 - 0x00007ffcf0dae000 	C:\Users\minhh\AppData\Roaming\Code\User\globalStorage\redhat.java\1.25.0\config_ss_win\org.eclipse.equinox.launcher\org.eclipse.equinox.launcher.win32.win32.x86_64_1.2.800.v20231003-1442\eclipse_11802.dll
0x00007ffd23450000 - 0x00007ffd235ee000 	C:\WINDOWS\System32\ole32.dll

dbghelp: loaded successfully - version: 4.0.5 - missing functions: none
symbol engine: initialized successfully - sym options: 0x614 - pdb path: .;c:\Users\minhh\.vscode\extensions\redhat.java-1.25.0-win32-x64\jre\17.0.9-win32-x86_64\bin;C:\WINDOWS\SYSTEM32;C:\WINDOWS\WinSxS\amd64_microsoft.windows.common-controls_6595b64144ccf1df_6.0.22621.2215_none_270d72677387dfc3;C:\Program Files (x86)\360\Total Security\safemon;c:\Users\minhh\.vscode\extensions\redhat.java-1.25.0-win32-x64\jre\17.0.9-win32-x86_64\bin\server;C:\Users\minhh\AppData\Roaming\Code\User\globalStorage\redhat.java\1.25.0\config_ss_win\org.eclipse.equinox.launcher\org.eclipse.equinox.launcher.win32.win32.x86_64_1.2.800.v20231003-1442

VM Arguments:
jvm_args: --add-modules=ALL-SYSTEM --add-opens=java.base/java.util=ALL-UNNAMED --add-opens=java.base/java.lang=ALL-UNNAMED --add-opens=java.base/sun.nio.fs=ALL-UNNAMED -Declipse.application=org.eclipse.jdt.ls.core.id1 -Dosgi.bundles.defaultStartLevel=4 -Declipse.product=org.eclipse.jdt.ls.core.product -Djava.import.generatesMetadataFilesAtProjectRoot=false -DDetectVMInstallationsJob.disabled=true -Dfile.encoding=utf8 -XX:+UseParallelGC -XX:GCTimeRatio=4 -XX:AdaptiveSizePolicyWeight=90 -Dsun.zip.disableMemoryMapping=true -Xmx1G -Xms100m -Xlog:disable -javaagent:c:\Users\minhh\.vscode\extensions\redhat.java-1.25.0-win32-x64\lombok\lombok-1.18.30.jar 
java_command: c:\Users\minhh\.vscode\extensions\redhat.java-1.25.0-win32-x64\server\plugins\org.eclipse.equinox.launcher_1.6.600.v20231012-1237.jar -configuration c:\Users\minhh\AppData\Roaming\Code\User\globalStorage\redhat.java\1.25.0\config_ss_win -data c:\Users\minhh\AppData\Roaming\Code\User\workspaceStorage\8e4be7ec2a8017864e8421125c300a73\redhat.java\ss_ws --stdio
java_class_path (initial): c:\Users\minhh\.vscode\extensions\redhat.java-1.25.0-win32-x64\server\plugins\org.eclipse.equinox.launcher_1.6.600.v20231012-1237.jar
Launcher Type: SUN_STANDARD

[Global flags]
    uintx AdaptiveSizePolicyWeight                 = 90                                        {product} {command line}
     intx CICompilerCount                          = 3                                         {product} {ergonomic}
    uintx GCTimeRatio                              = 4                                         {product} {command line}
   size_t InitialHeapSize                          = 104857600                                 {product} {command line}
   size_t MaxHeapSize                              = 1073741824                                {product} {command line}
   size_t MaxNewSize                               = 357564416                                 {product} {ergonomic}
   size_t MinHeapDeltaBytes                        = 524288                                    {product} {ergonomic}
   size_t MinHeapSize                              = 104857600                                 {product} {command line}
   size_t NewSize                                  = 34603008                                  {product} {ergonomic}
    uintx NonNMethodCodeHeapSize                   = 5832780                                {pd product} {ergonomic}
    uintx NonProfiledCodeHeapSize                  = 122912730                              {pd product} {ergonomic}
   size_t OldSize                                  = 70254592                                  {product} {ergonomic}
    uintx ProfiledCodeHeapSize                     = 122912730                              {pd product} {ergonomic}
    uintx ReservedCodeCacheSize                    = 251658240                              {pd product} {ergonomic}
     bool SegmentedCodeCache                       = true                                      {product} {ergonomic}
   size_t SoftMaxHeapSize                          = 1073741824                             {manageable} {ergonomic}
     bool UseCompressedClassPointers               = true                           {product lp64_product} {ergonomic}
     bool UseCompressedOops                        = true                           {product lp64_product} {ergonomic}
     bool UseLargePagesIndividualAllocation        = false                                  {pd product} {ergonomic}
     bool UseParallelGC                            = true                                      {product} {command line}

Logging:
Log output configuration:
 #0: stdout all=off uptime,level,tags
 #1: stderr all=off uptime,level,tags

Environment Variables:
JAVA_HOME=C:\Program Files\Java\jdk-17.0.3.1
PATH=C:\ProgramData\Oracle\Java\javapath;C:\Program Files\Common Files\Oracle\Java\javapath;C:\WINDOWS\system32;C:\WINDOWS;C:\WINDOWS\System32\Wbem;C:\WINDOWS\System32\WindowsPowerShell\v1.0\;C:\WINDOWS\System32\OpenSSH\;C:\Program Files\Azure Data Studio\bin;C:\Program Files (x86)\Microsoft SQL Server\150\DTS\Binn\;C:\Program Files\Microsoft SQL Server\Client SDK\ODBC\170\Tools\Binn\;C:\Program Files (x86)\Microsoft SQL Server\150\Tools\Binn\;C:\Program Files\Microsoft SQL Server\150\Tools\Binn\;C:\Program Files\Microsoft SQL Server\150\DTS\Binn\;C:\Program Files\nodejs\;C:\Program Files\Java\jdk-17.0.3.1\bin;C:\Program Files\Git\cmd;C:\Users\minhh\AppData\Local\Microsoft\WindowsApps;C:\Program Files\Azure Data Studio\bin;D:\Programs\Microsoft VS Code\bin;C:\Users\minhh\AppData\Roaming\npm;C:\Users\minhh\AppData\Local\GitHubDesktop\bin
USERNAME=minhh
OS=Windows_NT
PROCESSOR_IDENTIFIER=Intel64 Family 6 Model 126 Stepping 5, GenuineIntel
TMP=C:\Users\minhh\AppData\Local\Temp
TEMP=C:\Users\minhh\AppData\Local\Temp



Periodic native trim disabled


---------------  S Y S T E M  ---------------

OS:
 Windows 11 , 64 bit Build 22621 (10.0.22621.2215)
OS uptime: 42 days 0:21 hours

CPU: total 4 (initial active 4) (2 cores per cpu, 2 threads per core) family 6 model 126 stepping 5 microcode 0xa8, cx8, cmov, fxsr, ht, mmx, 3dnowpref, sse, sse2, sse3, ssse3, sse4.1, sse4.2, popcnt, lzcnt, tsc, tscinvbit, avx, avx2, aes, erms, clmul, bmi1, bmi2, adx, avx512f, avx512dq, avx512cd, avx512bw, avx512vl, sha, fma, vzeroupper, avx512_vpopcntdq, avx512_vpclmulqdq, avx512_vaes, avx512_vnni, clflush, clflushopt, avx512_vbmi2, avx512_vbmi
Processor Information for all 4 processors :
  Max Mhz: 1190, Current Mhz: 1190, Mhz Limit: 1190

Memory: 4k page, system-wide physical 3838M (27M free)
TotalPageFile size 15614M (AvailPageFile size 0M)
current process WorkingSet (physical memory assigned to process): 117M, peak: 117M
current process commit charge ("private bytes"): 212M, peak: 212M

vm_info: OpenJDK 64-Bit Server VM (17.0.9+9) for windows-amd64 JRE (17.0.9+9), built on Oct 26 2023 14:01:42 by "admin" with MS VC++ 16.10 / 16.11 (VS2019)

END.
